<?xml version="1.0" encoding="UTF-8"?>
<testsuite xmlns:xsi="http://www.w3.org/2001/XMLSchema-instance" xsi:noNamespaceSchemaLocation="https://maven.apache.org/surefire/maven-surefire-plugin/xsd/surefire-test-report.xsd" name="io.rishabh.MathUtilsTest" time="0.032" tests="2" errors="0" skipped="0" failures="0">
  <properties>
    <property name="sun.desktop" value="gnome"/>
    <property name="awt.toolkit" value="sun.awt.X11.XToolkit"/>
    <property name="java.specification.version" value="11"/>
    <property name="sun.cpu.isalist" value=""/>
    <property name="sun.jnu.encoding" value="UTF-8"/>
    <property name="java.class.path" value="/home/rishabh/Projects/junit-5/target/test-classes:/home/rishabh/Projects/junit-5/target/classes:/home/rishabh/.m2/repository/org/junit/jupiter/junit-jupiter-engine/5.4.0/junit-jupiter-engine-5.4.0.jar:/home/rishabh/.m2/repository/org/apiguardian/apiguardian-api/1.0.0/apiguardian-api-1.0.0.jar:/home/rishabh/.m2/repository/org/junit/platform/junit-platform-engine/1.4.0/junit-platform-engine-1.4.0.jar:/home/rishabh/.m2/repository/org/junit/jupiter/junit-jupiter-api/5.4.0/junit-jupiter-api-5.4.0.jar:/home/rishabh/.m2/repository/org/opentest4j/opentest4j/1.1.1/opentest4j-1.1.1.jar:/home/rishabh/.m2/repository/org/junit/platform/junit-platform-commons/1.4.0/junit-platform-commons-1.4.0.jar:/home/rishabh/.m2/repository/org/apache/maven/plugins/maven-surefire-plugin/2.22.1/maven-surefire-plugin-2.22.1.jar:/home/rishabh/.m2/repository/org/apache/maven/surefire/maven-surefire-common/2.22.1/maven-surefire-common-2.22.1.jar:/home/rishabh/.m2/repository/org/apache/maven/maven-plugin-api/2.2.1/maven-plugin-api-2.2.1.jar:/home/rishabh/.m2/repository/org/apache/maven/plugin-tools/maven-plugin-annotations/3.5.2/maven-plugin-annotations-3.5.2.jar:/home/rishabh/.m2/repository/org/apache/maven/surefire/surefire-api/2.22.1/surefire-api-2.22.1.jar:/home/rishabh/.m2/repository/org/apache/maven/surefire/surefire-logger-api/2.22.1/surefire-logger-api-2.22.1.jar:/home/rishabh/.m2/repository/org/apache/maven/surefire/surefire-booter/2.22.1/surefire-booter-2.22.1.jar:/home/rishabh/.m2/repository/org/apache/maven/maven-artifact/2.2.1/maven-artifact-2.2.1.jar:/home/rishabh/.m2/repository/org/codehaus/plexus/plexus-utils/1.5.15/plexus-utils-1.5.15.jar:/home/rishabh/.m2/repository/org/apache/maven/maven-plugin-descriptor/2.2.1/maven-plugin-descriptor-2.2.1.jar:/home/rishabh/.m2/repository/org/codehaus/plexus/plexus-container-default/1.0-alpha-9-stable-1/plexus-container-default-1.0-alpha-9-stable-1.jar:/home/rishabh/.m2/repository/junit/junit/3.8.1/junit-3.8.1.jar:/home/rishabh/.m2/repository/org/apache/maven/maven-project/2.2.1/maven-project-2.2.1.jar:/home/rishabh/.m2/repository/org/apache/maven/maven-settings/2.2.1/maven-settings-2.2.1.jar:/home/rishabh/.m2/repository/org/apache/maven/maven-profile/2.2.1/maven-profile-2.2.1.jar:/home/rishabh/.m2/repository/org/apache/maven/maven-artifact-manager/2.2.1/maven-artifact-manager-2.2.1.jar:/home/rishabh/.m2/repository/backport-util-concurrent/backport-util-concurrent/3.1/backport-util-concurrent-3.1.jar:/home/rishabh/.m2/repository/org/apache/maven/maven-plugin-registry/2.2.1/maven-plugin-registry-2.2.1.jar:/home/rishabh/.m2/repository/org/codehaus/plexus/plexus-interpolation/1.11/plexus-interpolation-1.11.jar:/home/rishabh/.m2/repository/org/apache/maven/maven-model/2.2.1/maven-model-2.2.1.jar:/home/rishabh/.m2/repository/org/apache/maven/maven-core/2.2.1/maven-core-2.2.1.jar:/home/rishabh/.m2/repository/org/apache/maven/maven-plugin-parameter-documenter/2.2.1/maven-plugin-parameter-documenter-2.2.1.jar:/home/rishabh/.m2/repository/org/apache/maven/wagon/wagon-http/1.0-beta-6/wagon-http-1.0-beta-6.jar:/home/rishabh/.m2/repository/org/apache/maven/wagon/wagon-http-shared/1.0-beta-6/wagon-http-shared-1.0-beta-6.jar:/home/rishabh/.m2/repository/nekohtml/xercesMinimal/1.9.6.2/xercesMinimal-1.9.6.2.jar:/home/rishabh/.m2/repository/nekohtml/nekohtml/1.9.6.2/nekohtml-1.9.6.2.jar:/home/rishabh/.m2/repository/commons-httpclient/commons-httpclient/3.1/commons-httpclient-3.1.jar:/home/rishabh/.m2/repository/commons-codec/commons-codec/1.2/commons-codec-1.2.jar:/home/rishabh/.m2/repository/org/apache/maven/wagon/wagon-webdav-jackrabbit/1.0-beta-6/wagon-webdav-jackrabbit-1.0-beta-6.jar:/home/rishabh/.m2/repository/org/apache/jackrabbit/jackrabbit-webdav/1.5.0/jackrabbit-webdav-1.5.0.jar:/home/rishabh/.m2/repository/org/apache/jackrabbit/jackrabbit-jcr-commons/1.5.0/jackrabbit-jcr-commons-1.5.0.jar:/home/rishabh/.m2/repository/org/slf4j/slf4j-nop/1.5.3/slf4j-nop-1.5.3.jar:/home/rishabh/.m2/repository/org/slf4j/slf4j-jdk14/1.5.6/slf4j-jdk14-1.5.6.jar:/home/rishabh/.m2/repository/org/slf4j/slf4j-api/1.5.6/slf4j-api-1.5.6.jar:/home/rishabh/.m2/repository/org/slf4j/jcl-over-slf4j/1.5.6/jcl-over-slf4j-1.5.6.jar:/home/rishabh/.m2/repository/org/apache/maven/reporting/maven-reporting-api/2.2.1/maven-reporting-api-2.2.1.jar:/home/rishabh/.m2/repository/org/apache/maven/doxia/doxia-logging-api/1.1/doxia-logging-api-1.1.jar:/home/rishabh/.m2/repository/org/apache/maven/wagon/wagon-provider-api/1.0-beta-6/wagon-provider-api-1.0-beta-6.jar:/home/rishabh/.m2/repository/org/apache/maven/maven-repository-metadata/2.2.1/maven-repository-metadata-2.2.1.jar:/home/rishabh/.m2/repository/org/apache/maven/maven-error-diagnostics/2.2.1/maven-error-diagnostics-2.2.1.jar:/home/rishabh/.m2/repository/org/apache/maven/maven-monitor/2.2.1/maven-monitor-2.2.1.jar:/home/rishabh/.m2/repository/classworlds/classworlds/1.1/classworlds-1.1.jar:/home/rishabh/.m2/repository/org/sonatype/plexus/plexus-sec-dispatcher/1.3/plexus-sec-dispatcher-1.3.jar:/home/rishabh/.m2/repository/org/sonatype/plexus/plexus-cipher/1.4/plexus-cipher-1.4.jar:/home/rishabh/.m2/repository/org/apache/maven/maven-toolchain/2.2.1/maven-toolchain-2.2.1.jar:/home/rishabh/.m2/repository/org/codehaus/plexus/plexus-java/0.9.10/plexus-java-0.9.10.jar:/home/rishabh/.m2/repository/org/ow2/asm/asm/6.2/asm-6.2.jar:/home/rishabh/.m2/repository/com/thoughtworks/qdox/qdox/2.0-M8/qdox-2.0-M8.jar:"/>
    <property name="java.vm.vendor" value="Ubuntu"/>
    <property name="sun.arch.data.model" value="64"/>
    <property name="java.vendor.url" value="https://ubuntu.com/"/>
    <property name="user.timezone" value=""/>
    <property name="java.vm.specification.version" value="11"/>
    <property name="os.name" value="Linux"/>
    <property name="sun.java.launcher" value="SUN_STANDARD"/>
    <property name="user.country" value="IN"/>
    <property name="sun.boot.library.path" value="/usr/lib/jvm/java-11-openjdk-amd64/lib"/>
    <property name="sun.java.command" value="/home/rishabh/Projects/junit-5/target/surefire/surefirebooter16352924011371481694.jar /home/rishabh/Projects/junit-5/target/surefire 2020-09-17T00-33-59_259-jvmRun1 surefire16733380285797334803tmp surefire_08710877751288209552tmp"/>
    <property name="jdk.debug" value="release"/>
    <property name="surefire.test.class.path" value="/home/rishabh/Projects/junit-5/target/test-classes:/home/rishabh/Projects/junit-5/target/classes:/home/rishabh/.m2/repository/org/junit/jupiter/junit-jupiter-engine/5.4.0/junit-jupiter-engine-5.4.0.jar:/home/rishabh/.m2/repository/org/apiguardian/apiguardian-api/1.0.0/apiguardian-api-1.0.0.jar:/home/rishabh/.m2/repository/org/junit/platform/junit-platform-engine/1.4.0/junit-platform-engine-1.4.0.jar:/home/rishabh/.m2/repository/org/junit/jupiter/junit-jupiter-api/5.4.0/junit-jupiter-api-5.4.0.jar:/home/rishabh/.m2/repository/org/opentest4j/opentest4j/1.1.1/opentest4j-1.1.1.jar:/home/rishabh/.m2/repository/org/junit/platform/junit-platform-commons/1.4.0/junit-platform-commons-1.4.0.jar:/home/rishabh/.m2/repository/org/apache/maven/plugins/maven-surefire-plugin/2.22.1/maven-surefire-plugin-2.22.1.jar:/home/rishabh/.m2/repository/org/apache/maven/surefire/maven-surefire-common/2.22.1/maven-surefire-common-2.22.1.jar:/home/rishabh/.m2/repository/org/apache/maven/maven-plugin-api/2.2.1/maven-plugin-api-2.2.1.jar:/home/rishabh/.m2/repository/org/apache/maven/plugin-tools/maven-plugin-annotations/3.5.2/maven-plugin-annotations-3.5.2.jar:/home/rishabh/.m2/repository/org/apache/maven/surefire/surefire-api/2.22.1/surefire-api-2.22.1.jar:/home/rishabh/.m2/repository/org/apache/maven/surefire/surefire-logger-api/2.22.1/surefire-logger-api-2.22.1.jar:/home/rishabh/.m2/repository/org/apache/maven/surefire/surefire-booter/2.22.1/surefire-booter-2.22.1.jar:/home/rishabh/.m2/repository/org/apache/maven/maven-artifact/2.2.1/maven-artifact-2.2.1.jar:/home/rishabh/.m2/repository/org/codehaus/plexus/plexus-utils/1.5.15/plexus-utils-1.5.15.jar:/home/rishabh/.m2/repository/org/apache/maven/maven-plugin-descriptor/2.2.1/maven-plugin-descriptor-2.2.1.jar:/home/rishabh/.m2/repository/org/codehaus/plexus/plexus-container-default/1.0-alpha-9-stable-1/plexus-container-default-1.0-alpha-9-stable-1.jar:/home/rishabh/.m2/repository/junit/junit/3.8.1/junit-3.8.1.jar:/home/rishabh/.m2/repository/org/apache/maven/maven-project/2.2.1/maven-project-2.2.1.jar:/home/rishabh/.m2/repository/org/apache/maven/maven-settings/2.2.1/maven-settings-2.2.1.jar:/home/rishabh/.m2/repository/org/apache/maven/maven-profile/2.2.1/maven-profile-2.2.1.jar:/home/rishabh/.m2/repository/org/apache/maven/maven-artifact-manager/2.2.1/maven-artifact-manager-2.2.1.jar:/home/rishabh/.m2/repository/backport-util-concurrent/backport-util-concurrent/3.1/backport-util-concurrent-3.1.jar:/home/rishabh/.m2/repository/org/apache/maven/maven-plugin-registry/2.2.1/maven-plugin-registry-2.2.1.jar:/home/rishabh/.m2/repository/org/codehaus/plexus/plexus-interpolation/1.11/plexus-interpolation-1.11.jar:/home/rishabh/.m2/repository/org/apache/maven/maven-model/2.2.1/maven-model-2.2.1.jar:/home/rishabh/.m2/repository/org/apache/maven/maven-core/2.2.1/maven-core-2.2.1.jar:/home/rishabh/.m2/repository/org/apache/maven/maven-plugin-parameter-documenter/2.2.1/maven-plugin-parameter-documenter-2.2.1.jar:/home/rishabh/.m2/repository/org/apache/maven/wagon/wagon-http/1.0-beta-6/wagon-http-1.0-beta-6.jar:/home/rishabh/.m2/repository/org/apache/maven/wagon/wagon-http-shared/1.0-beta-6/wagon-http-shared-1.0-beta-6.jar:/home/rishabh/.m2/repository/nekohtml/xercesMinimal/1.9.6.2/xercesMinimal-1.9.6.2.jar:/home/rishabh/.m2/repository/nekohtml/nekohtml/1.9.6.2/nekohtml-1.9.6.2.jar:/home/rishabh/.m2/repository/commons-httpclient/commons-httpclient/3.1/commons-httpclient-3.1.jar:/home/rishabh/.m2/repository/commons-codec/commons-codec/1.2/commons-codec-1.2.jar:/home/rishabh/.m2/repository/org/apache/maven/wagon/wagon-webdav-jackrabbit/1.0-beta-6/wagon-webdav-jackrabbit-1.0-beta-6.jar:/home/rishabh/.m2/repository/org/apache/jackrabbit/jackrabbit-webdav/1.5.0/jackrabbit-webdav-1.5.0.jar:/home/rishabh/.m2/repository/org/apache/jackrabbit/jackrabbit-jcr-commons/1.5.0/jackrabbit-jcr-commons-1.5.0.jar:/home/rishabh/.m2/repository/org/slf4j/slf4j-nop/1.5.3/slf4j-nop-1.5.3.jar:/home/rishabh/.m2/repository/org/slf4j/slf4j-jdk14/1.5.6/slf4j-jdk14-1.5.6.jar:/home/rishabh/.m2/repository/org/slf4j/slf4j-api/1.5.6/slf4j-api-1.5.6.jar:/home/rishabh/.m2/repository/org/slf4j/jcl-over-slf4j/1.5.6/jcl-over-slf4j-1.5.6.jar:/home/rishabh/.m2/repository/org/apache/maven/reporting/maven-reporting-api/2.2.1/maven-reporting-api-2.2.1.jar:/home/rishabh/.m2/repository/org/apache/maven/doxia/doxia-logging-api/1.1/doxia-logging-api-1.1.jar:/home/rishabh/.m2/repository/org/apache/maven/wagon/wagon-provider-api/1.0-beta-6/wagon-provider-api-1.0-beta-6.jar:/home/rishabh/.m2/repository/org/apache/maven/maven-repository-metadata/2.2.1/maven-repository-metadata-2.2.1.jar:/home/rishabh/.m2/repository/org/apache/maven/maven-error-diagnostics/2.2.1/maven-error-diagnostics-2.2.1.jar:/home/rishabh/.m2/repository/org/apache/maven/maven-monitor/2.2.1/maven-monitor-2.2.1.jar:/home/rishabh/.m2/repository/classworlds/classworlds/1.1/classworlds-1.1.jar:/home/rishabh/.m2/repository/org/sonatype/plexus/plexus-sec-dispatcher/1.3/plexus-sec-dispatcher-1.3.jar:/home/rishabh/.m2/repository/org/sonatype/plexus/plexus-cipher/1.4/plexus-cipher-1.4.jar:/home/rishabh/.m2/repository/org/apache/maven/maven-toolchain/2.2.1/maven-toolchain-2.2.1.jar:/home/rishabh/.m2/repository/org/codehaus/plexus/plexus-java/0.9.10/plexus-java-0.9.10.jar:/home/rishabh/.m2/repository/org/ow2/asm/asm/6.2/asm-6.2.jar:/home/rishabh/.m2/repository/com/thoughtworks/qdox/qdox/2.0-M8/qdox-2.0-M8.jar:"/>
    <property name="sun.cpu.endian" value="little"/>
    <property name="user.home" value="/home/rishabh"/>
    <property name="user.language" value="en"/>
    <property name="java.specification.vendor" value="Oracle Corporation"/>
    <property name="java.version.date" value="2020-07-14"/>
    <property name="java.home" value="/usr/lib/jvm/java-11-openjdk-amd64"/>
    <property name="file.separator" value="/"/>
    <property name="basedir" value="/home/rishabh/Projects/junit-5"/>
    <property name="java.vm.compressedOopsMode" value="32-bit"/>
    <property name="line.separator" value="&#10;"/>
    <property name="java.specification.name" value="Java Platform API Specification"/>
    <property name="java.vm.specification.vendor" value="Oracle Corporation"/>
    <property name="java.awt.graphicsenv" value="sun.awt.X11GraphicsEnvironment"/>
    <property name="surefire.real.class.path" value="/home/rishabh/Projects/junit-5/target/surefire/surefirebooter16352924011371481694.jar"/>
    <property name="sun.management.compiler" value="HotSpot 64-Bit Tiered Compilers"/>
    <property name="java.runtime.version" value="11.0.8+10-post-Ubuntu-0ubuntu120.04"/>
    <property name="user.name" value="rishabh"/>
    <property name="path.separator" value=":"/>
    <property name="os.version" value="5.4.0-47-generic"/>
    <property name="java.runtime.name" value="OpenJDK Runtime Environment"/>
    <property name="file.encoding" value="UTF-8"/>
    <property name="java.vm.name" value="OpenJDK 64-Bit Server VM"/>
    <property name="localRepository" value="/home/rishabh/.m2/repository"/>
    <property name="java.vendor.url.bug" value="https://bugs.launchpad.net/ubuntu/+source/openjdk-lts"/>
    <property name="java.io.tmpdir" value="/tmp"/>
    <property name="idea.version" value="2020.2.1"/>
    <property name="java.version" value="11.0.8"/>
    <property name="user.dir" value="/home/rishabh/Projects/junit-5"/>
    <property name="os.arch" value="amd64"/>
    <property name="java.vm.specification.name" value="Java Virtual Machine Specification"/>
    <property name="java.awt.printerjob" value="sun.print.PSPrinterJob"/>
    <property name="sun.os.patch.level" value="unknown"/>
    <property name="java.library.path" value="/usr/java/packages/lib:/usr/lib/x86_64-linux-gnu/jni:/lib/x86_64-linux-gnu:/usr/lib/x86_64-linux-gnu:/usr/lib/jni:/lib:/usr/lib"/>
    <property name="java.vm.info" value="mixed mode, sharing"/>
    <property name="java.vendor" value="Ubuntu"/>
    <property name="java.vm.version" value="11.0.8+10-post-Ubuntu-0ubuntu120.04"/>
    <property name="sun.io.unicode.encoding" value="UnicodeLittle"/>
    <property name="java.class.version" value="55.0"/>
  </properties>
  <testcase name="testAdd" classname="io.rishabh.MathUtilsTest" time="0.015"/>
  <testcase name="testComputeCircleArea" classname="io.rishabh.MathUtilsTest" time="0.005"/>
</testsuite>